<?xml version="1.0" encoding="UTF-8"?>
<!-- Generated by org.testng.reporters.JUnitReportReporter -->
<testsuite hostname="DESKTOP-YE7697D" failures="0" tests="3" name="testcases.TestFailedDonationViaNetBanking" time="168.426" errors="0" timestamp="2022-07-02T09:26:14 IST" skipped="0">
  <testcase classname="testcases.TestFailedDonationViaNetBanking" name="ValidatePageTitle" time="0.021"/>
  <system-out/>
  <testcase classname="testcases.TestFailedDonationViaNetBanking" name="enterSlugAndClickOnSearchButton" time="6.007"/>
  <system-out/>
  <testcase classname="testcases.TestFailedDonationViaNetBanking" name="performFailedDonation" time="162.398"/>
  <system-out/>
</testsuite> <!-- testcases.TestFailedDonationViaNetBanking -->
