<?xml version="1.0" encoding="UTF-8"?>
<!-- Generated by org.testng.reporters.JUnitReportReporter -->
<testsuite hostname="DESKTOP-YE7697D" failures="0" tests="3" name="testcases.TestSuccessDonationViaNetBanking" time="209.992" errors="0" timestamp="2022-06-23T13:17:52 IST" skipped="0">
  <testcase classname="testcases.TestSuccessDonationViaNetBanking" name="ValidatePageTitle" time="0.325"/>
  <system-out/>
  <testcase classname="testcases.TestSuccessDonationViaNetBanking" name="enterSlugAndClickOnSearchButton" time="5.336"/>
  <system-out/>
  <testcase classname="testcases.TestSuccessDonationViaNetBanking" name="performFailedDonation" time="204.331"/>
  <system-out/>
</testsuite> <!-- testcases.TestSuccessDonationViaNetBanking -->
